C:\Users\juan_\Desktop\TiendaMLG\TiendaMLG\ClientApp\dist\out-tsc\app\services\cliente.service.js
C:\Users\juan_\Desktop\TiendaMLG\TiendaMLG\ClientApp\dist\out-tsc\app\services\cliente.service.js.map
C:\Users\juan_\Desktop\TiendaMLG\TiendaMLG\ClientApp\dist\out-tsc\app\app.component.js
C:\Users\juan_\Desktop\TiendaMLG\TiendaMLG\ClientApp\dist\out-tsc\app\app.component.js.map
C:\Users\juan_\Desktop\TiendaMLG\TiendaMLG\ClientApp\dist\out-tsc\app\app.module.js
C:\Users\juan_\Desktop\TiendaMLG\TiendaMLG\ClientApp\dist\out-tsc\app\app.module.js.map
C:\Users\juan_\Desktop\TiendaMLG\TiendaMLG\ClientApp\dist\out-tsc\environments\environment.js
C:\Users\juan_\Desktop\TiendaMLG\TiendaMLG\ClientApp\dist\out-tsc\environments\environment.js.map
C:\Users\juan_\Desktop\TiendaMLG\TiendaMLG\ClientApp\dist\out-tsc\main.js
C:\Users\juan_\Desktop\TiendaMLG\TiendaMLG\ClientApp\dist\out-tsc\main.js.map
C:\Users\juan_\Desktop\TiendaMLG\TiendaMLG\ClientApp\dist\out-tsc\polyfills.js
C:\Users\juan_\Desktop\TiendaMLG\TiendaMLG\ClientApp\dist\out-tsc\polyfills.js.map
C:\Users\juan_\Desktop\TiendaMLG\TiendaMLG\ClientApp\dist\out-tsc\test.js
C:\Users\juan_\Desktop\TiendaMLG\TiendaMLG\ClientApp\dist\out-tsc\test.js.map
C:\Users\juan_\Desktop\TiendaMLG\TiendaMLG\ClientApp\dist\out-tsc\app\app-routing.module.js
C:\Users\juan_\Desktop\TiendaMLG\TiendaMLG\ClientApp\dist\out-tsc\app\app-routing.module.js.map
C:\Users\juan_\Desktop\TiendaMLG\TiendaMLG\ClientApp\dist\out-tsc\app\app.component.spec.js
C:\Users\juan_\Desktop\TiendaMLG\TiendaMLG\ClientApp\dist\out-tsc\app\app.component.spec.js.map
C:\Users\juan_\Desktop\TiendaMLG\TiendaMLG\ClientApp\dist\out-tsc\app\services\tienda.service.js
C:\Users\juan_\Desktop\TiendaMLG\TiendaMLG\ClientApp\dist\out-tsc\app\services\tienda.service.js.map
C:\Users\juan_\Desktop\TiendaMLG\TiendaMLG\ClientApp\dist\out-tsc\environments\environment.prod.js
C:\Users\juan_\Desktop\TiendaMLG\TiendaMLG\ClientApp\dist\out-tsc\environments\environment.prod.js.map
